<?xml version="1.0" encoding="UTF-8"?>
<!-- Generated by org.testng.reporters.JUnitReportReporter -->
<testsuite hostname="LTIN116487" failures="0" tests="2" name="com.irctcflightsearchautomation.test.searchtest" time="116.401" errors="0" timestamp="2021-09-20T17:00:30 IST" skipped="0">
  <testcase classname="com.irctcflightsearchautomation.test.searchtest" name="testone" time="51.514"/>
  <system-out/>
  <testcase classname="com.irctcflightsearchautomation.test.searchtest" name="testtwo" time="64.887"/>
  <system-out/>
</testsuite> <!-- com.irctcflightsearchautomation.test.searchtest -->
